[handleMsg]:  {
  key: {
    remoteJid: '5219993259344@s.whatsapp.net',
    fromMe: false,
    id: '3EB03F2CC2D3ED21C93BAA',
    participant: undefined
  },
  messageTimestamp: 1708548982,
  pushName: 'Elias U Xool-Feria🎮',
  broadcast: false,
  message: Message {
    conversation: 'hola',
    messageContextInfo: MessageContextInfo {
      deviceListMetadata: [DeviceListMetadata],
      deviceListMetadataVersion: 2
    }
  },
  body: 'hola',
  from: '5219993259344'
}
[QUEUE_SE_ENVIO]:  {
  ref: 'ans_573bbfba-3b7d-441a-9bb6-0ce621dbf1af',
  keyword: 'key_83f2e2f5-5ec9-4e0d-8595-d792dac7a148',
  answer: '¡Buen día! Bienvenido a la pastelería "La Condesa"',
  options: {
    media: null,
    buttons: [],
    capture: false,
    child: null,
    delay: 0,
    idle: null,
    ref: null,
    nested: [],
    keyword: {},
    callback: false
  },
  refSerialize: 'abb232454a42e5663190a992ea354ec9'
}
[QUEUE_SE_ENVIO]:  {
  ref: 'ans_354e88ca-e4d4-4ea7-a8e8-dcc702a1ccc9',
  keyword: 'ans_573bbfba-3b7d-441a-9bb6-0ce621dbf1af',
  answer: 'Esribe la palabra del servicio te gustaría conocer:\n' +
    '👉 *ventas* para conocer nuestros productos\n' +
    '👉 *pedidos*  para ver el estado de tu pedido\n' +
    '👉 *cancelar* para terminar la conversación en cualquier momento',
  options: {
    media: null,
    buttons: [],
    capture: true,
    child: null,
    delay: 3000,
    idle: null,
    ref: null,
    nested: [ [Object], [Object] ],
    keyword: {},
    callback: false
  },
  refSerialize: 'b5d58650c20ad2501943fc43d178eb52'
}
[handleMsg]:  {
  key: {
    remoteJid: '5219993259344@s.whatsapp.net',
    fromMe: false,
    id: '3EB0CBB3069E843581B0AC',
    participant: undefined
  },
  messageTimestamp: 1708548988,
  pushName: 'Elias U Xool-Feria🎮',
  broadcast: false,
  message: Message {
    conversation: 'cancelar',
    messageContextInfo: MessageContextInfo {
      deviceListMetadata: [DeviceListMetadata],
      deviceListMetadataVersion: 2
    }
  },
  body: 'cancelar',
  from: '5219993259344'
}
[QUEUE_SE_ENVIO]:  {
  ref: 'ans_9b273fea-a435-4c90-b577-20a46611bfcd',
  keyword: 'key_a18411a9-416c-493b-8522-caeb8696ea51',
  answer: '👋 Hasta luego, buen día.',
  options: {
    media: null,
    buttons: [],
    capture: false,
    child: null,
    delay: 3000,
    idle: null,
    ref: null,
    nested: [],
    keyword: {},
    callback: true
  },
  refSerialize: '043de074a51609ffdbc5b966ae5c3134'
}
