5219993259344:ENCOLADO ans_0a4c1f62-9303-4420-a33e-1ad1a47ac867
EJECUTANDO:ans_0a4c1f62-9303-4420-a33e-1ad1a47ac867
5219993259344:SUCCESS
5219993259344:ENCOLADO ans_11e4fda4-568e-48b6-9f3b-e2b752c8b5c7
EJECUTANDO:ans_11e4fda4-568e-48b6-9f3b-e2b752c8b5c7
5219993259344:SUCCESS
5219993259344:ENCOLADO ans_111815b6-c1b4-41ea-aaae-bc2772ea8d6f
EJECUTANDO:ans_111815b6-c1b4-41ea-aaae-bc2772ea8d6f
5219993259344:SUCCESS
5219993259344:ENCOLADO ans_55e12c16-4c3b-4df0-85db-a579e677a7ef
EJECUTANDO:ans_55e12c16-4c3b-4df0-85db-a579e677a7ef
5219993259344:SUCCESS
5219993259344:ENCOLADO ans_0a4c1f62-9303-4420-a33e-1ad1a47ac867
EJECUTANDO:ans_0a4c1f62-9303-4420-a33e-1ad1a47ac867
5219993259344:SUCCESS
5219993259344:ENCOLADO ans_11e4fda4-568e-48b6-9f3b-e2b752c8b5c7
EJECUTANDO:ans_11e4fda4-568e-48b6-9f3b-e2b752c8b5c7
5219993259344:SUCCESS
5219993259344:ENCOLADO ans_35c61f30-0357-44ac-b05a-81c4ce44bac9
EJECUTANDO:ans_35c61f30-0357-44ac-b05a-81c4ce44bac9
5219993259344:SUCCESS
5219993259344:ENCOLADO ans_0a4c1f62-9303-4420-a33e-1ad1a47ac867
EJECUTANDO:ans_0a4c1f62-9303-4420-a33e-1ad1a47ac867
5219993259344:SUCCESS
5219993259344:ENCOLADO ans_11e4fda4-568e-48b6-9f3b-e2b752c8b5c7
EJECUTANDO:ans_11e4fda4-568e-48b6-9f3b-e2b752c8b5c7
5219993259344:SUCCESS
